<?xml version="1.0" encoding="UTF-8"?>
<!-- Generated by org.testng.reporters.JUnitReportReporter -->
<testsuite hostname="TYSS-Soumya" failures="0" tests="1" name="BrowserStack.AppiumBrowserStack2" time="25.353" errors="0" timestamp="2023-06-28T11:02:35 IST" skipped="0">
  <testcase classname="BrowserStack.AppiumBrowserStack2" name="setUp" time="25.353"/>
  <system-out/>
</testsuite> <!-- BrowserStack.AppiumBrowserStack2 -->
