<?xml version="1.0" encoding="UTF-8"?>
<!-- Generated by org.testng.reporters.JUnitReportReporter -->
<testsuite hostname="TYSS-Soumya" failures="0" tests="1" name="BrowserStack.MobileAppBrowserStack" time="32.099" errors="0" timestamp="2023-07-26T13:25:22 IST" skipped="0">
  <testcase classname="BrowserStack.MobileAppBrowserStack" name="mobileAppTest" time="32.099"/>
  <system-out/>
</testsuite> <!-- BrowserStack.MobileAppBrowserStack -->
