<?xml version="1.0" encoding="UTF-8"?>
<!-- Generated by org.testng.reporters.JUnitReportReporter -->
<testsuite hostname="TYSS-Soumya" failures="0" tests="1" name="Gestures.ScrollTest" time="18.934" errors="0" timestamp="2023-06-16T12:54:45 IST" skipped="0">
  <testcase classname="Gestures.ScrollTest" name="scrollTest" time="18.934"/>
  <system-out/>
</testsuite> <!-- Gestures.ScrollTest -->
