<?xml version="1.0" encoding="UTF-8"?>
<!-- Generated by org.testng.reporters.JUnitReportReporter -->
<testsuite hostname="TYSS-Soumya" failures="0" tests="1" name="BrowserStack.SeleniumBrowserStack" time="21.511" errors="0" timestamp="2023-06-27T11:39:21 IST" skipped="0">
  <testcase classname="BrowserStack.SeleniumBrowserStack" name="seleniumBrowserStack" time="21.511"/>
  <system-out/>
</testsuite> <!-- BrowserStack.SeleniumBrowserStack -->
