<?xml version="1.0" encoding="UTF-8"?>
<!-- Generated by org.testng.reporters.JUnitReportReporter -->
<testsuite hostname="TYSS-Soumya" failures="0" tests="1" name="BrowserStack.AppiumBrowserStack" time="8.286" errors="0" timestamp="2023-06-27T12:47:20 IST" skipped="0">
  <testcase classname="BrowserStack.AppiumBrowserStack" name="launchChromeinDevice" time="8.286"/>
  <system-out/>
</testsuite> <!-- BrowserStack.AppiumBrowserStack -->
