<?xml version="1.0" encoding="UTF-8"?>
<!-- Generated by org.testng.reporters.JUnitReportReporter -->
<testsuite hostname="TYSS-Soumya" failures="0" tests="1" name="BrowserStack.MobileBrowser_Browserstack" time="6.480" errors="0" timestamp="2023-07-26T13:20:52 IST" skipped="0">
  <testcase classname="BrowserStack.MobileBrowser_Browserstack" name="mobileBrowserTest" time="6.480"/>
  <system-out/>
</testsuite> <!-- BrowserStack.MobileBrowser_Browserstack -->
