<?xml version="1.0" encoding="UTF-8"?>
<!-- Generated by org.testng.reporters.JUnitReportReporter -->
<testsuite hostname="TYSS-Soumya" failures="0" tests="1" name="Gestures.SwipeGestureTest" time="14.216" errors="0" timestamp="2023-06-16T16:11:53 IST" skipped="0">
  <testcase classname="Gestures.SwipeGestureTest" name="swipeGestureTest" time="14.216"/>
  <system-out/>
</testsuite> <!-- Gestures.SwipeGestureTest -->
