<?xml version="1.0" encoding="UTF-8"?>
<!-- Generated by org.testng.reporters.JUnitReportReporter -->
<testsuite hostname="TYSS-Soumya" failures="0" tests="1" name="TestCases.ReadDataFromJSON" time="0.011" errors="0" timestamp="2023-06-21T15:19:48 IST" skipped="0">
  <testcase classname="TestCases.ReadDataFromJSON" name="readData" time="0.011"/>
  <system-out/>
</testsuite> <!-- TestCases.ReadDataFromJSON -->
