<?xml version="1.0" encoding="UTF-8"?>
<!-- Generated by org.testng.reporters.JUnitReportReporter -->
<testsuite hostname="TYSS-Soumya" failures="0" tests="1" name="MobileBrowser.ChromeTest" time="32.601" errors="0" timestamp="2023-06-19T17:29:20 IST" skipped="0">
  <testcase classname="MobileBrowser.ChromeTest" name="chrome" time="32.601"/>
  <system-out/>
</testsuite> <!-- MobileBrowser.ChromeTest -->
