<?xml version="1.0" encoding="UTF-8"?>
<!-- Generated by org.testng.reporters.JUnitReportReporter -->
<testsuite hostname="TYSS-Soumya" failures="0" tests="1" name="Practice.OpenAppTest" time="18.841" errors="0" timestamp="2023-06-15T15:26:15 IST" skipped="0">
  <testcase classname="Practice.OpenAppTest" name="openApp" time="18.841"/>
  <system-out/>
</testsuite> <!-- Practice.OpenAppTest -->
