<?xml version="1.0" encoding="UTF-8"?>
<!-- Generated by org.testng.reporters.JUnitReportReporter -->
<testsuite hostname="TYSS-Soumya" failures="0" tests="1" name="BrowserStack.AppiumBrowserStack3" time="1.466" errors="0" timestamp="2023-06-28T12:45:19 IST" skipped="0">
  <testcase classname="BrowserStack.AppiumBrowserStack3" name="apiDemoAutomate" time="1.466"/>
  <system-out/>
</testsuite> <!-- BrowserStack.AppiumBrowserStack3 -->
