<?xml version="1.0" encoding="UTF-8"?>
<!-- Generated by org.testng.reporters.JUnitReportReporter -->
<testsuite hostname="TYSS-Soumya" failures="0" tests="1" name="BrowserStack.Selenium_BrowserStack" time="16.999" errors="0" timestamp="2023-07-26T13:16:16 IST" skipped="0">
  <testcase classname="BrowserStack.Selenium_BrowserStack" name="seleniumBrowserStack" time="16.999"/>
  <system-out/>
</testsuite> <!-- BrowserStack.Selenium_BrowserStack -->
