<?xml version="1.0" encoding="UTF-8"?>
<!-- Generated by org.testng.reporters.JUnitReportReporter -->
<testsuite hostname="TYSS-Soumya" failures="0" tests="1" name="Gestures.PinchOpenCloseTest" time="17.479" errors="0" timestamp="2023-06-16T11:11:33 IST" skipped="0">
  <testcase classname="Gestures.PinchOpenCloseTest" name="pinchopenClose" time="17.479"/>
  <system-out/>
</testsuite> <!-- Gestures.PinchOpenCloseTest -->
